<?xml version="1.0" encoding="UTF-8"?>
<robot generator="Robot 6.0.2 (Python 3.11.2 on win32)" generated="20230626 23:20:26.460" rpa="false" schemaversion="3">
<suite id="s1" name="Projeto-x" source="C:\Users\Gabriela\Desktop\projetos gabi\Projeto-x">
<suite id="s1-s1" name="Tests" source="C:\Users\Gabriela\Desktop\projetos gabi\Projeto-x\tests">
<suite id="s1-s1-s1" name="Projeto-Cadastro" source="C:\Users\Gabriela\Desktop\projetos gabi\Projeto-x\tests\projeto-cadastro.robot">
<kw name="Abrir navegador no sistema de cadstro de clientes" library="login-page-objects" type="SETUP">
<kw name="Open Browser" library="SeleniumLibrary">
<arg>${URL_SISTEMA_CADASTRO_DE_LOGIN}</arg>
<arg>${NAVEGADOR_DE_TESTE}</arg>
<doc>Opens a new browser instance to the optional ``url``.</doc>
<msg timestamp="20230626 23:20:26.710" level="INFO">Opening browser 'chrome' to base url 'https://estivalet.github.io/robot-static-testing-site/index.html'.</msg>
<msg timestamp="20230626 23:20:30.348" level="INFO">Cannot capture screenshot because no browser is open.</msg>
<msg timestamp="20230626 23:20:30.349" level="FAIL">SessionNotCreatedException: Message: session not created: This version of ChromeDriver only supports Chrome version 111
Current browser version is 114.0.5735.134 with binary path C:\Program Files\Google\Chrome\Application\chrome.exe
Stacktrace:
Backtrace:
	(No symbol) [0x00F6DCE3]
	(No symbol) [0x00F039D1]
	(No symbol) [0x00E14DA8]
	(No symbol) [0x00E34F6C]
	(No symbol) [0x00E30D11]
	(No symbol) [0x00E2ED19]
	(No symbol) [0x00E615AE]
	(No symbol) [0x00E6129C]
	(No symbol) [0x00E5ACC6]
	(No symbol) [0x00E36F68]
	(No symbol) [0x00E380CD]
	GetHandleVerifier [0x011E3832+2506274]
	GetHandleVerifier [0x01219794+2727300]
	GetHandleVerifier [0x0121E36C+2746716]
	GetHandleVerifier [0x01016690+617600]
	(No symbol) [0x00F0C712]
	(No symbol) [0x00F11FF8]
	(No symbol) [0x00F120DB]
	(No symbol) [0x00F1C63B]
	BaseThreadInitThunk [0x76AE7D59+25]
	RtlInitializeExceptionChain [0x7727B74B+107]
	RtlClearBits [0x7727B6CF+191]
</msg>
<status status="FAIL" starttime="20230626 23:20:26.709" endtime="20230626 23:20:30.369"/>
</kw>
<kw name="Maximize Browser Window" library="SeleniumLibrary">
<doc>Maximizes current browser window.</doc>
<status status="NOT RUN" starttime="20230626 23:20:30.369" endtime="20230626 23:20:30.370"/>
</kw>
<kw name="Set Selenium Speed" library="SeleniumLibrary">
<arg>0.4s</arg>
<doc>Sets the delay that is waited after each Selenium command.</doc>
<status status="NOT RUN" starttime="20230626 23:20:30.370" endtime="20230626 23:20:30.370"/>
</kw>
<status status="FAIL" starttime="20230626 23:20:26.709" endtime="20230626 23:20:30.370"/>
</kw>
<test id="s1-s1-s1-t1" name="Fazer o cadastro de um novo cliente" line="12">
<status status="FAIL" starttime="20230626 23:20:30.371" endtime="20230626 23:20:30.371">Parent suite setup failed:
SessionNotCreatedException: Message: session not created: This version of ChromeDriver only supports Chrome version 111
Current browser version is 114.0.5735.134 with binary path C:\Program Files\Google\Chrome\Application\chrome.exe
Stacktrace:
Backtrace:
	(No symbol) [0x00F6DCE3]
	(No symbol) [0x00F039D1]
	(No symbol) [0x00E14DA8]
	(No symbol) [0x00E34F6C]
	(No symbol) [0x00E30D11]
	(No symbol) [0x00E2ED19]
	(No symbol) [0x00E615AE]
	(No symbol) [0x00E6129C]
	(No symbol) [0x00E5ACC6]
	(No symbol) [0x00E36F68]
	(No symbol) [0x00E380CD]
	GetHandleVerifier [0x011E3832+2506274]
	GetHandleVerifier [0x01219794+2727300]
	GetHandleVerifier [0x0121E36C+2746716]
	GetHandleVerifier [0x01016690+617600]
	(No symbol) [0x00F0C712]
	(No symbol) [0x00F11FF8]
	(No symbol) [0x00F120DB]
	(No symbol) [0x00F1C63B]
	BaseThreadInitThunk [0x76AE7D59+25]
	RtlInitializeExceptionChain [0x7727B74B+107]
	RtlClearBits [0x7727B6CF+191]
</status>
</test>
<test id="s1-s1-s1-t2" name="Não permitir cadastrar um cliente sem informar o nome" line="19">
<status status="FAIL" starttime="20230626 23:20:30.377" endtime="20230626 23:20:30.377">Parent suite setup failed:
SessionNotCreatedException: Message: session not created: This version of ChromeDriver only supports Chrome version 111
Current browser version is 114.0.5735.134 with binary path C:\Program Files\Google\Chrome\Application\chrome.exe
Stacktrace:
Backtrace:
	(No symbol) [0x00F6DCE3]
	(No symbol) [0x00F039D1]
	(No symbol) [0x00E14DA8]
	(No symbol) [0x00E34F6C]
	(No symbol) [0x00E30D11]
	(No symbol) [0x00E2ED19]
	(No symbol) [0x00E615AE]
	(No symbol) [0x00E6129C]
	(No symbol) [0x00E5ACC6]
	(No symbol) [0x00E36F68]
	(No symbol) [0x00E380CD]
	GetHandleVerifier [0x011E3832+2506274]
	GetHandleVerifier [0x01219794+2727300]
	GetHandleVerifier [0x0121E36C+2746716]
	GetHandleVerifier [0x01016690+617600]
	(No symbol) [0x00F0C712]
	(No symbol) [0x00F11FF8]
	(No symbol) [0x00F120DB]
	(No symbol) [0x00F1C63B]
	BaseThreadInitThunk [0x76AE7D59+25]
	RtlInitializeExceptionChain [0x7727B74B+107]
	RtlClearBits [0x7727B6CF+191]
</status>
</test>
<test id="s1-s1-s1-t3" name="Não permitir cadastrar um cliente sem informar o cpf" line="25">
<status status="FAIL" starttime="20230626 23:20:30.382" endtime="20230626 23:20:30.384">Parent suite setup failed:
SessionNotCreatedException: Message: session not created: This version of ChromeDriver only supports Chrome version 111
Current browser version is 114.0.5735.134 with binary path C:\Program Files\Google\Chrome\Application\chrome.exe
Stacktrace:
Backtrace:
	(No symbol) [0x00F6DCE3]
	(No symbol) [0x00F039D1]
	(No symbol) [0x00E14DA8]
	(No symbol) [0x00E34F6C]
	(No symbol) [0x00E30D11]
	(No symbol) [0x00E2ED19]
	(No symbol) [0x00E615AE]
	(No symbol) [0x00E6129C]
	(No symbol) [0x00E5ACC6]
	(No symbol) [0x00E36F68]
	(No symbol) [0x00E380CD]
	GetHandleVerifier [0x011E3832+2506274]
	GetHandleVerifier [0x01219794+2727300]
	GetHandleVerifier [0x0121E36C+2746716]
	GetHandleVerifier [0x01016690+617600]
	(No symbol) [0x00F0C712]
	(No symbol) [0x00F11FF8]
	(No symbol) [0x00F120DB]
	(No symbol) [0x00F1C63B]
	BaseThreadInitThunk [0x76AE7D59+25]
	RtlInitializeExceptionChain [0x7727B74B+107]
	RtlClearBits [0x7727B6CF+191]
</status>
</test>
<kw name="Fechar o navegador" library="login-page-objects" type="TEARDOWN">
<kw name="Close Browser" library="SeleniumLibrary">
<doc>Closes the current browser.</doc>
<status status="PASS" starttime="20230626 23:20:30.389" endtime="20230626 23:20:30.390"/>
</kw>
<status status="PASS" starttime="20230626 23:20:30.388" endtime="20230626 23:20:30.390"/>
</kw>
<status status="FAIL" starttime="20230626 23:20:26.517" endtime="20230626 23:20:30.390">Suite setup failed:
SessionNotCreatedException: Message: session not created: This version of ChromeDriver only supports Chrome version 111
Current browser version is 114.0.5735.134 with binary path C:\Program Files\Google\Chrome\Application\chrome.exe
Stacktrace:
Backtrace:
	(No symbol) [0x00F6DCE3]
	(No symbol) [0x00F039D1]
	(No symbol) [0x00E14DA8]
	(No symbol) [0x00E34F6C]
	(No symbol) [0x00E30D11]
	(No symbol) [0x00E2ED19]
	(No symbol) [0x00E615AE]
	(No symbol) [0x00E6129C]
	(No symbol) [0x00E5ACC6]
	(No symbol) [0x00E36F68]
	(No symbol) [0x00E380CD]
	GetHandleVerifier [0x011E3832+2506274]
	GetHandleVerifier [0x01219794+2727300]
	GetHandleVerifier [0x0121E36C+2746716]
	GetHandleVerifier [0x01016690+617600]
	(No symbol) [0x00F0C712]
	(No symbol) [0x00F11FF8]
	(No symbol) [0x00F120DB]
	(No symbol) [0x00F1C63B]
	BaseThreadInitThunk [0x76AE7D59+25]
	RtlInitializeExceptionChain [0x7727B74B+107]
	RtlClearBits [0x7727B6CF+191]
</status>
</suite>
<status status="FAIL" starttime="20230626 23:20:26.511" endtime="20230626 23:20:30.395"/>
</suite>
<status status="FAIL" starttime="20230626 23:20:26.465" endtime="20230626 23:20:30.398"/>
</suite>
<statistics>
<total>
<stat pass="0" fail="3" skip="0">All Tests</stat>
</total>
<tag>
</tag>
<suite>
<stat pass="0" fail="3" skip="0" id="s1" name="Projeto-x">Projeto-x</stat>
<stat pass="0" fail="3" skip="0" id="s1-s1" name="Tests">Projeto-x.Tests</stat>
<stat pass="0" fail="3" skip="0" id="s1-s1-s1" name="Projeto-Cadastro">Projeto-x.Tests.Projeto-Cadastro</stat>
</suite>
</statistics>
<errors>
</errors>
</robot>
